
Showing logs for build [32mcb-kubecd-environment-pr-120-67-wqjwp-1[0m stage [32mfrom-build-pack[0m and container [32mstep-credential-initializer-9jzdv[0m
{"level":"warn","ts":1577624185.4600477,"logger":"fallback-logger","caller":"logging/config.go:69","msg":"Fetch GitHub commit ID from kodata failed: \"ref: refs/heads/master\" is not a valid GitHub commit ID"}
{"level":"info","ts":1577624185.4605052,"logger":"fallback-logger","caller":"creds-init/main.go:40","msg":"Credentials initialized."}

Showing logs for build [32mcb-kubecd-environment-pr-120-67-wqjwp-1[0m stage [32mfrom-build-pack[0m and container [32mstep-working-dir-initializer-2jqmd[0m
{"level":"warn","ts":1577624185.887095,"logger":"fallback-logger","caller":"logging/config.go:69","msg":"Fetch GitHub commit ID from kodata failed: open /var/run/ko/HEAD: no such file or directory"}
{"level":"info","ts":1577624185.8892736,"logger":"fallback-logger","caller":"bash/main.go:65","msg":"Successfully executed command \"mkdir -p /workspace/source\""}

Showing logs for build [32mcb-kubecd-environment-pr-120-67-wqjwp-1[0m stage [32mfrom-build-pack[0m and container [32mstep-place-tools[0m

Showing logs for build [32mcb-kubecd-environment-pr-120-67-wqjwp-1[0m stage [32mfrom-build-pack[0m and container [32mstep-git-source-cb-kubecd-environment-pr-120-67-6pmhr[0m
{"level":"warn","ts":1577624190.954749,"logger":"fallback-logger","caller":"logging/config.go:69","msg":"Fetch GitHub commit ID from kodata failed: \"ref: refs/heads/master\" is not a valid GitHub commit ID"}
{"level":"info","ts":1577624192.143571,"logger":"fallback-logger","caller":"git/git.go:102","msg":"Successfully cloned https://github.com/cb-kubecd/environment-pr-120-67-boot-gke-staging.git @ master in path /workspace/source"}

Showing logs for build [32mcb-kubecd-environment-pr-120-67-wqjwp-1[0m stage [32mfrom-build-pack[0m and container [32mstep-git-merge[0m
Using SHAs from PULL_REFS=master:1e27890c72831254f03c838f553e6ebaa52eac84,2:726d7eb4fff5cd8eea51d52013919bfd440a61ae
DEBUG: ran git fetch --unshallow origin 726d7eb4fff5cd8eea51d52013919bfd440a61ae: 1e27890c72831254f03c838f553e6ebaa52eac84: in 
DEBUG: ran git checkout master in 
DEBUG: ran git reset --hard 1e27890c72831254f03c838f553e6ebaa52eac84 in 
DEBUG: ran clean --force -d . in 
DEBUG: ran git merge 726d7eb4fff5cd8eea51d52013919bfd440a61ae in 
Merged SHA 726d7eb4fff5cd8eea51d52013919bfd440a61ae with commit message 'chore: Promote bdd-sbhg-1577623741 to version 0.0.1' into base branch master

Showing logs for build [32mcb-kubecd-environment-pr-120-67-wqjwp-1[0m stage [32mfrom-build-pack[0m and container [32mstep-build-helm-build[0m
WARNING: No $CHART_REPOSITORY defined so using the default value of: http://jenkins-x-chartmuseum:8080
Adding missing Helm repo: storage.googleapis.com https://storage.googleapis.com/chartmuseum.jenkins-x.io
WARNING: No secrets found on "helm/repos" due: reading the secret "helm/repos" from vault: no secret "helm/repos" not found in vault
Read credentials for https://storage.googleapis.com/chartmuseum.jenkins-x.io from vault helm/repos
Successfully added Helm repository storage.googleapis.com.
Adding missing Helm repo: jenkins-x-chartmuseum http://jenkins-x-chartmuseum:8080
WARNING: No secrets found on "helm/repos" due: reading the secret "helm/repos" from vault: no secret "helm/repos" not found in vault
Read credentials for http://jenkins-x-chartmuseum:8080 from vault helm/repos
Successfully added Helm repository jenkins-x-chartmuseum.
WARNING: No $CHART_REPOSITORY defined so using the default value of: http://jenkins-x-chartmuseum:8080
Adding missing Helm repo: chartmuseum.jenkins-x.io http://chartmuseum.jenkins-x.io
WARNING: No secrets found on "helm/repos" due: reading the secret "helm/repos" from vault: no secret "helm/repos" not found in vault
Read credentials for http://chartmuseum.jenkins-x.io from vault helm/repos
Successfully added Helm repository chartmuseum.jenkins-x.io.
