
Showing logs for build [32mcb-kubecd-environment-pr-120-67-6t77k-1[0m stage [32mfrom-build-pack[0m and container [32mstep-credential-initializer-vmfnr[0m
{"level":"warn","ts":1577624919.3325005,"logger":"fallback-logger","caller":"logging/config.go:69","msg":"Fetch GitHub commit ID from kodata failed: \"ref: refs/heads/master\" is not a valid GitHub commit ID"}
{"level":"info","ts":1577624919.3331547,"logger":"fallback-logger","caller":"creds-init/main.go:40","msg":"Credentials initialized."}

Showing logs for build [32mcb-kubecd-environment-pr-120-67-6t77k-1[0m stage [32mfrom-build-pack[0m and container [32mstep-working-dir-initializer-z6h8b[0m
{"level":"warn","ts":1577624920.7020946,"logger":"fallback-logger","caller":"logging/config.go:69","msg":"Fetch GitHub commit ID from kodata failed: open /var/run/ko/HEAD: no such file or directory"}
{"level":"info","ts":1577624920.7033541,"logger":"fallback-logger","caller":"bash/main.go:65","msg":"Successfully executed command \"mkdir -p /workspace/source\""}

Showing logs for build [32mcb-kubecd-environment-pr-120-67-6t77k-1[0m stage [32mfrom-build-pack[0m and container [32mstep-place-tools[0m

Showing logs for build [32mcb-kubecd-environment-pr-120-67-6t77k-1[0m stage [32mfrom-build-pack[0m and container [32mstep-git-source-cb-kubecd-environment-pr-120-67-9jhxw[0m
{"level":"warn","ts":1577624924.7579556,"logger":"fallback-logger","caller":"logging/config.go:69","msg":"Fetch GitHub commit ID from kodata failed: \"ref: refs/heads/master\" is not a valid GitHub commit ID"}
{"level":"info","ts":1577624925.8981934,"logger":"fallback-logger","caller":"git/git.go:102","msg":"Successfully cloned https://github.com/cb-kubecd/environment-pr-120-67-boot-gke-staging.git @ master in path /workspace/source"}

Showing logs for build [32mcb-kubecd-environment-pr-120-67-6t77k-1[0m stage [32mfrom-build-pack[0m and container [32mstep-git-merge[0m
Using SHAs from PULL_REFS=master:d526ca23a4d3edcce77d8ae34d43491636bd0d6f,3:75f4333b5b616cf0a9c4c7efc308651c4889180e
DEBUG: ran git fetch --unshallow origin 75f4333b5b616cf0a9c4c7efc308651c4889180e: d526ca23a4d3edcce77d8ae34d43491636bd0d6f: in 
DEBUG: ran git checkout master in 
DEBUG: ran git reset --hard d526ca23a4d3edcce77d8ae34d43491636bd0d6f in 
DEBUG: ran clean --force -d . in 
DEBUG: ran git merge 75f4333b5b616cf0a9c4c7efc308651c4889180e in 
Merged SHA 75f4333b5b616cf0a9c4c7efc308651c4889180e with commit message 'chore: Promote bdd-nh-1577623741 to version 0.0.1' into base branch master

Showing logs for build [32mcb-kubecd-environment-pr-120-67-6t77k-1[0m stage [32mfrom-build-pack[0m and container [32mstep-build-helm-build[0m
WARNING: No $CHART_REPOSITORY defined so using the default value of: http://jenkins-x-chartmuseum:8080
Adding missing Helm repo: storage.googleapis.com https://storage.googleapis.com/chartmuseum.jenkins-x.io
WARNING: No secrets found on "helm/repos" due: reading the secret "helm/repos" from vault: no secret "helm/repos" not found in vault
Read credentials for https://storage.googleapis.com/chartmuseum.jenkins-x.io from vault helm/repos
Successfully added Helm repository storage.googleapis.com.
Adding missing Helm repo: jenkins-x-chartmuseum http://jenkins-x-chartmuseum:8080
WARNING: No secrets found on "helm/repos" due: reading the secret "helm/repos" from vault: no secret "helm/repos" not found in vault
Read credentials for http://jenkins-x-chartmuseum:8080 from vault helm/repos
Successfully added Helm repository jenkins-x-chartmuseum.
WARNING: No $CHART_REPOSITORY defined so using the default value of: http://jenkins-x-chartmuseum:8080
Adding missing Helm repo: chartmuseum.jenkins-x.io http://chartmuseum.jenkins-x.io
WARNING: No secrets found on "helm/repos" due: reading the secret "helm/repos" from vault: no secret "helm/repos" not found in vault
Read credentials for http://chartmuseum.jenkins-x.io from vault helm/repos
Successfully added Helm repository chartmuseum.jenkins-x.io.
