
Showing logs for build [32mcb-kubecd-environment-pr-120-67-pks2w-1[0m stage [32mfrom-build-pack[0m and container [32mstep-credential-initializer-jg9bl[0m
{"level":"warn","ts":1577625579.0173488,"logger":"fallback-logger","caller":"logging/config.go:69","msg":"Fetch GitHub commit ID from kodata failed: \"ref: refs/heads/master\" is not a valid GitHub commit ID"}
{"level":"info","ts":1577625579.0183756,"logger":"fallback-logger","caller":"creds-init/main.go:40","msg":"Credentials initialized."}

Showing logs for build [32mcb-kubecd-environment-pr-120-67-pks2w-1[0m stage [32mfrom-build-pack[0m and container [32mstep-working-dir-initializer-p58hm[0m
{"level":"warn","ts":1577625580.0035212,"logger":"fallback-logger","caller":"logging/config.go:69","msg":"Fetch GitHub commit ID from kodata failed: open /var/run/ko/HEAD: no such file or directory"}
{"level":"info","ts":1577625580.0054655,"logger":"fallback-logger","caller":"bash/main.go:65","msg":"Successfully executed command \"mkdir -p /workspace/source\""}

Showing logs for build [32mcb-kubecd-environment-pr-120-67-pks2w-1[0m stage [32mfrom-build-pack[0m and container [32mstep-place-tools[0m

Showing logs for build [32mcb-kubecd-environment-pr-120-67-pks2w-1[0m stage [32mfrom-build-pack[0m and container [32mstep-git-source-cb-kubecd-environment-pr-120-67-2cwb9[0m
{"level":"warn","ts":1577625586.2229776,"logger":"fallback-logger","caller":"logging/config.go:69","msg":"Fetch GitHub commit ID from kodata failed: \"ref: refs/heads/master\" is not a valid GitHub commit ID"}
{"level":"info","ts":1577625587.409228,"logger":"fallback-logger","caller":"git/git.go:102","msg":"Successfully cloned https://github.com/cb-kubecd/environment-pr-120-67-boot-gke-staging.git @ master in path /workspace/source"}

Showing logs for build [32mcb-kubecd-environment-pr-120-67-pks2w-1[0m stage [32mfrom-build-pack[0m and container [32mstep-git-merge[0m
Using SHAs from PULL_REFS=master:454a2af4bce18339357112db02c35ec7015d942d,4:b97ac439f8d0d2196d3af0d7afd077279cf71a60
DEBUG: ran git fetch --unshallow origin b97ac439f8d0d2196d3af0d7afd077279cf71a60: 454a2af4bce18339357112db02c35ec7015d942d: in 
DEBUG: ran git checkout master in 
DEBUG: ran git reset --hard 454a2af4bce18339357112db02c35ec7015d942d in 
DEBUG: ran clean --force -d . in 
DEBUG: ran git merge b97ac439f8d0d2196d3af0d7afd077279cf71a60 in 
Merged SHA b97ac439f8d0d2196d3af0d7afd077279cf71a60 with commit message 'chore: Promote bdd-gh-1577623741 to version 0.0.1' into base branch master

Showing logs for build [32mcb-kubecd-environment-pr-120-67-pks2w-1[0m stage [32mfrom-build-pack[0m and container [32mstep-build-helm-build[0m
WARNING: No $CHART_REPOSITORY defined so using the default value of: http://jenkins-x-chartmuseum:8080
Adding missing Helm repo: storage.googleapis.com https://storage.googleapis.com/chartmuseum.jenkins-x.io
WARNING: No secrets found on "helm/repos" due: reading the secret "helm/repos" from vault: no secret "helm/repos" not found in vault
Read credentials for https://storage.googleapis.com/chartmuseum.jenkins-x.io from vault helm/repos
Successfully added Helm repository storage.googleapis.com.
Adding missing Helm repo: jenkins-x-chartmuseum http://jenkins-x-chartmuseum:8080
WARNING: No secrets found on "helm/repos" due: reading the secret "helm/repos" from vault: no secret "helm/repos" not found in vault
Read credentials for http://jenkins-x-chartmuseum:8080 from vault helm/repos
Successfully added Helm repository jenkins-x-chartmuseum.
WARNING: No $CHART_REPOSITORY defined so using the default value of: http://jenkins-x-chartmuseum:8080
Adding missing Helm repo: chartmuseum.jenkins-x.io http://chartmuseum.jenkins-x.io
WARNING: No secrets found on "helm/repos" due: reading the secret "helm/repos" from vault: no secret "helm/repos" not found in vault
Read credentials for http://chartmuseum.jenkins-x.io from vault helm/repos
Successfully added Helm repository chartmuseum.jenkins-x.io.
