
Showing logs for build [32mcb-kubecd-environment-pr-120-67-twcrq-1[0m stage [32mfrom-build-pack[0m and container [32mstep-credential-initializer-gv7nh[0m
{"level":"warn","ts":1577626174.431446,"logger":"fallback-logger","caller":"logging/config.go:69","msg":"Fetch GitHub commit ID from kodata failed: \"ref: refs/heads/master\" is not a valid GitHub commit ID"}
{"level":"info","ts":1577626174.4320774,"logger":"fallback-logger","caller":"creds-init/main.go:40","msg":"Credentials initialized."}

Showing logs for build [32mcb-kubecd-environment-pr-120-67-twcrq-1[0m stage [32mfrom-build-pack[0m and container [32mstep-working-dir-initializer-qbbxv[0m
{"level":"warn","ts":1577626175.791504,"logger":"fallback-logger","caller":"logging/config.go:69","msg":"Fetch GitHub commit ID from kodata failed: open /var/run/ko/HEAD: no such file or directory"}
{"level":"info","ts":1577626175.8084729,"logger":"fallback-logger","caller":"bash/main.go:65","msg":"Successfully executed command \"mkdir -p /workspace/source\""}

Showing logs for build [32mcb-kubecd-environment-pr-120-67-twcrq-1[0m stage [32mfrom-build-pack[0m and container [32mstep-place-tools[0m

Showing logs for build [32mcb-kubecd-environment-pr-120-67-twcrq-1[0m stage [32mfrom-build-pack[0m and container [32mstep-git-source-cb-kubecd-environment-pr-120-67-vm54w[0m
{"level":"warn","ts":1577626180.9986873,"logger":"fallback-logger","caller":"logging/config.go:69","msg":"Fetch GitHub commit ID from kodata failed: \"ref: refs/heads/master\" is not a valid GitHub commit ID"}
{"level":"info","ts":1577626182.1428483,"logger":"fallback-logger","caller":"git/git.go:102","msg":"Successfully cloned https://github.com/cb-kubecd/environment-pr-120-67-boot-gke-staging.git @ master in path /workspace/source"}

Showing logs for build [32mcb-kubecd-environment-pr-120-67-twcrq-1[0m stage [32mfrom-build-pack[0m and container [32mstep-git-merge[0m
Using SHAs from PULL_REFS=master:9bc60e0a539db056fc1b94b56ad12fd9a3ab52ac,5:bdac79a2d47dabf8e5805f2cfa0edc4ab163185f
DEBUG: ran git fetch --unshallow origin bdac79a2d47dabf8e5805f2cfa0edc4ab163185f: 9bc60e0a539db056fc1b94b56ad12fd9a3ab52ac: in 
DEBUG: ran git checkout master in 
DEBUG: ran git reset --hard 9bc60e0a539db056fc1b94b56ad12fd9a3ab52ac in 
DEBUG: ran clean --force -d . in 
DEBUG: ran git merge bdac79a2d47dabf8e5805f2cfa0edc4ab163185f in 
Merged SHA bdac79a2d47dabf8e5805f2cfa0edc4ab163185f with commit message 'chore: Promote bdd-nh-import-1577626003 to version 0.0.1' into base branch master

Showing logs for build [32mcb-kubecd-environment-pr-120-67-twcrq-1[0m stage [32mfrom-build-pack[0m and container [32mstep-build-helm-build[0m
WARNING: No $CHART_REPOSITORY defined so using the default value of: http://jenkins-x-chartmuseum:8080
Adding missing Helm repo: storage.googleapis.com https://storage.googleapis.com/chartmuseum.jenkins-x.io
WARNING: No secrets found on "helm/repos" due: reading the secret "helm/repos" from vault: no secret "helm/repos" not found in vault
Read credentials for https://storage.googleapis.com/chartmuseum.jenkins-x.io from vault helm/repos
Successfully added Helm repository storage.googleapis.com.
Adding missing Helm repo: jenkins-x-chartmuseum http://jenkins-x-chartmuseum:8080
WARNING: No secrets found on "helm/repos" due: reading the secret "helm/repos" from vault: no secret "helm/repos" not found in vault
Read credentials for http://jenkins-x-chartmuseum:8080 from vault helm/repos
Successfully added Helm repository jenkins-x-chartmuseum.
WARNING: No $CHART_REPOSITORY defined so using the default value of: http://jenkins-x-chartmuseum:8080
Adding missing Helm repo: chartmuseum.jenkins-x.io http://chartmuseum.jenkins-x.io
WARNING: No secrets found on "helm/repos" due: reading the secret "helm/repos" from vault: no secret "helm/repos" not found in vault
Read credentials for http://chartmuseum.jenkins-x.io from vault helm/repos
Successfully added Helm repository chartmuseum.jenkins-x.io.
