
Showing logs for build [32mcb-kubecd-environment-pr-120-67-pq4c8-1[0m stage [32mfrom-build-pack[0m and container [32mstep-credential-initializer-4p7sr[0m
{"level":"warn","ts":1577623011.276638,"logger":"fallback-logger","caller":"logging/config.go:69","msg":"Fetch GitHub commit ID from kodata failed: \"ref: refs/heads/master\" is not a valid GitHub commit ID"}
{"level":"info","ts":1577623011.2857354,"logger":"fallback-logger","caller":"creds-init/main.go:40","msg":"Credentials initialized."}

Showing logs for build [32mcb-kubecd-environment-pr-120-67-pq4c8-1[0m stage [32mfrom-build-pack[0m and container [32mstep-working-dir-initializer-khz2s[0m
{"level":"warn","ts":1577623012.258822,"logger":"fallback-logger","caller":"logging/config.go:69","msg":"Fetch GitHub commit ID from kodata failed: open /var/run/ko/HEAD: no such file or directory"}
{"level":"info","ts":1577623012.2655957,"logger":"fallback-logger","caller":"bash/main.go:65","msg":"Successfully executed command \"mkdir -p /workspace/source\""}

Showing logs for build [32mcb-kubecd-environment-pr-120-67-pq4c8-1[0m stage [32mfrom-build-pack[0m and container [32mstep-place-tools[0m

Showing logs for build [32mcb-kubecd-environment-pr-120-67-pq4c8-1[0m stage [32mfrom-build-pack[0m and container [32mstep-git-source-cb-kubecd-environment-pr-120-67-wcjsl[0m
{"level":"warn","ts":1577623019.4633462,"logger":"fallback-logger","caller":"logging/config.go:69","msg":"Fetch GitHub commit ID from kodata failed: \"ref: refs/heads/master\" is not a valid GitHub commit ID"}
{"level":"info","ts":1577623020.6624577,"logger":"fallback-logger","caller":"git/git.go:102","msg":"Successfully cloned https://github.com/cb-kubecd/environment-pr-120-67-boot-gke-staging.git @ master in path /workspace/source"}

Showing logs for build [32mcb-kubecd-environment-pr-120-67-pq4c8-1[0m stage [32mfrom-build-pack[0m and container [32mstep-git-merge[0m
Using SHAs from PULL_REFS=master:34de0478247480508dd48592ce60e426af356b09,1:68752804d7b7212de5c9d061d9bbcd5eb28d1a99
DEBUG: ran git fetch --unshallow origin 68752804d7b7212de5c9d061d9bbcd5eb28d1a99: 34de0478247480508dd48592ce60e426af356b09: in 
DEBUG: ran git checkout master in 
DEBUG: ran git reset --hard 34de0478247480508dd48592ce60e426af356b09 in 
DEBUG: ran clean --force -d . in 
DEBUG: ran git merge 68752804d7b7212de5c9d061d9bbcd5eb28d1a99 in 
Merged SHA 68752804d7b7212de5c9d061d9bbcd5eb28d1a99 with commit message 'chore: Promote bdd-spring-1577622696 to version 0.0.1' into base branch master

Showing logs for build [32mcb-kubecd-environment-pr-120-67-pq4c8-1[0m stage [32mfrom-build-pack[0m and container [32mstep-build-helm-build[0m
WARNING: No $CHART_REPOSITORY defined so using the default value of: http://jenkins-x-chartmuseum:8080
Adding missing Helm repo: storage.googleapis.com https://storage.googleapis.com/chartmuseum.jenkins-x.io
WARNING: No secrets found on "helm/repos" due: reading the secret "helm/repos" from vault: no secret "helm/repos" not found in vault
Read credentials for https://storage.googleapis.com/chartmuseum.jenkins-x.io from vault helm/repos
Successfully added Helm repository storage.googleapis.com.
Adding missing Helm repo: jenkins-x-chartmuseum http://jenkins-x-chartmuseum:8080
WARNING: No secrets found on "helm/repos" due: reading the secret "helm/repos" from vault: no secret "helm/repos" not found in vault
Read credentials for http://jenkins-x-chartmuseum:8080 from vault helm/repos
Successfully added Helm repository jenkins-x-chartmuseum.
WARNING: No $CHART_REPOSITORY defined so using the default value of: http://jenkins-x-chartmuseum:8080
Adding missing Helm repo: chartmuseum.jenkins-x.io http://chartmuseum.jenkins-x.io
WARNING: No secrets found on "helm/repos" due: reading the secret "helm/repos" from vault: no secret "helm/repos" not found in vault
Read credentials for http://chartmuseum.jenkins-x.io from vault helm/repos
Successfully added Helm repository chartmuseum.jenkins-x.io.
