
Showing logs for build [32mcb-kubecd-environment-pr-120-67-gs66c-1[0m stage [32mfrom-build-pack[0m and container [32mstep-credential-initializer-kp7l7[0m
{"level":"warn","ts":1577626568.7289698,"logger":"fallback-logger","caller":"logging/config.go:69","msg":"Fetch GitHub commit ID from kodata failed: \"ref: refs/heads/master\" is not a valid GitHub commit ID"}
{"level":"info","ts":1577626568.7300656,"logger":"fallback-logger","caller":"creds-init/main.go:40","msg":"Credentials initialized."}

Showing logs for build [32mcb-kubecd-environment-pr-120-67-gs66c-1[0m stage [32mfrom-build-pack[0m and container [32mstep-working-dir-initializer-z4wgh[0m
{"level":"warn","ts":1577626570.116279,"logger":"fallback-logger","caller":"logging/config.go:69","msg":"Fetch GitHub commit ID from kodata failed: open /var/run/ko/HEAD: no such file or directory"}
{"level":"info","ts":1577626570.118102,"logger":"fallback-logger","caller":"bash/main.go:65","msg":"Successfully executed command \"mkdir -p /workspace/source\""}

Showing logs for build [32mcb-kubecd-environment-pr-120-67-gs66c-1[0m stage [32mfrom-build-pack[0m and container [32mstep-place-tools[0m

Showing logs for build [32mcb-kubecd-environment-pr-120-67-gs66c-1[0m stage [32mfrom-build-pack[0m and container [32mstep-git-source-cb-kubecd-environment-pr-120-67-4vj9k[0m
{"level":"warn","ts":1577626576.3140407,"logger":"fallback-logger","caller":"logging/config.go:69","msg":"Fetch GitHub commit ID from kodata failed: \"ref: refs/heads/master\" is not a valid GitHub commit ID"}
{"level":"info","ts":1577626577.4704282,"logger":"fallback-logger","caller":"git/git.go:102","msg":"Successfully cloned https://github.com/cb-kubecd/environment-pr-120-67-boot-gke-staging.git @ master in path /workspace/source"}

Showing logs for build [32mcb-kubecd-environment-pr-120-67-gs66c-1[0m stage [32mfrom-build-pack[0m and container [32mstep-git-merge[0m
Using SHAs from PULL_REFS=master:75d72fff0881da81320618e6d5b1ad4e7d81e1c8,6:c014bcd70147ed3ab9fd5c095d23881f066404e0
DEBUG: ran git fetch --unshallow origin c014bcd70147ed3ab9fd5c095d23881f066404e0: 75d72fff0881da81320618e6d5b1ad4e7d81e1c8: in 
DEBUG: ran git checkout master in 
DEBUG: ran git reset --hard 75d72fff0881da81320618e6d5b1ad4e7d81e1c8 in 
DEBUG: ran clean --force -d . in 
DEBUG: ran git merge c014bcd70147ed3ab9fd5c095d23881f066404e0 in 
Merged SHA c014bcd70147ed3ab9fd5c095d23881f066404e0 with commit message 'chore: Promote bdd-ghf**y-import-1577626003 to version 0.0.1' into base branch master

Showing logs for build [32mcb-kubecd-environment-pr-120-67-gs66c-1[0m stage [32mfrom-build-pack[0m and container [32mstep-build-helm-build[0m
WARNING: No $CHART_REPOSITORY defined so using the default value of: http://jenkins-x-chartmuseum:8080
Adding missing Helm repo: storage.googleapis.com https://storage.googleapis.com/chartmuseum.jenkins-x.io
WARNING: No secrets found on "helm/repos" due: reading the secret "helm/repos" from vault: no secret "helm/repos" not found in vault
Read credentials for https://storage.googleapis.com/chartmuseum.jenkins-x.io from vault helm/repos
Successfully added Helm repository storage.googleapis.com.
Adding missing Helm repo: jenkins-x-chartmuseum http://jenkins-x-chartmuseum:8080
WARNING: No secrets found on "helm/repos" due: reading the secret "helm/repos" from vault: no secret "helm/repos" not found in vault
Read credentials for http://jenkins-x-chartmuseum:8080 from vault helm/repos
Successfully added Helm repository jenkins-x-chartmuseum.
WARNING: No $CHART_REPOSITORY defined so using the default value of: http://jenkins-x-chartmuseum:8080
Adding missing Helm repo: chartmuseum.jenkins-x.io http://chartmuseum.jenkins-x.io
WARNING: No secrets found on "helm/repos" due: reading the secret "helm/repos" from vault: no secret "helm/repos" not found in vault
Read credentials for http://chartmuseum.jenkins-x.io from vault helm/repos
Successfully added Helm repository chartmuseum.jenkins-x.io.
