
Showing logs for build [32mcb-kubecd-environment-pr-120-67-qlhwh-1[0m stage [32mfrom-build-pack[0m and container [32mstep-credential-initializer-sx5z9[0m
{"level":"warn","ts":1577627147.31578,"logger":"fallback-logger","caller":"logging/config.go:69","msg":"Fetch GitHub commit ID from kodata failed: \"ref: refs/heads/master\" is not a valid GitHub commit ID"}
{"level":"info","ts":1577627147.3165548,"logger":"fallback-logger","caller":"creds-init/main.go:40","msg":"Credentials initialized."}

Showing logs for build [32mcb-kubecd-environment-pr-120-67-qlhwh-1[0m stage [32mfrom-build-pack[0m and container [32mstep-working-dir-initializer-l8ncn[0m
{"level":"warn","ts":1577627148.4174707,"logger":"fallback-logger","caller":"logging/config.go:69","msg":"Fetch GitHub commit ID from kodata failed: open /var/run/ko/HEAD: no such file or directory"}
{"level":"info","ts":1577627148.4197087,"logger":"fallback-logger","caller":"bash/main.go:65","msg":"Successfully executed command \"mkdir -p /workspace/source\""}

Showing logs for build [32mcb-kubecd-environment-pr-120-67-qlhwh-1[0m stage [32mfrom-build-pack[0m and container [32mstep-place-tools[0m

Showing logs for build [32mcb-kubecd-environment-pr-120-67-qlhwh-1[0m stage [32mfrom-build-pack[0m and container [32mstep-git-source-cb-kubecd-environment-pr-120-67-vvm7h[0m
{"level":"warn","ts":1577627154.5907223,"logger":"fallback-logger","caller":"logging/config.go:69","msg":"Fetch GitHub commit ID from kodata failed: \"ref: refs/heads/master\" is not a valid GitHub commit ID"}
{"level":"info","ts":1577627155.7765336,"logger":"fallback-logger","caller":"git/git.go:102","msg":"Successfully cloned https://github.com/cb-kubecd/environment-pr-120-67-boot-gke-staging.git @ master in path /workspace/source"}

Showing logs for build [32mcb-kubecd-environment-pr-120-67-qlhwh-1[0m stage [32mfrom-build-pack[0m and container [32mstep-git-merge[0m
Using SHAs from PULL_REFS=master:b2138af79941eecc17b6fc305642df5f084432e8,7:127d4fd633c24d31522afee3fb7ace8677decaba
DEBUG: ran git fetch --unshallow origin 127d4fd633c24d31522afee3fb7ace8677decaba: b2138af79941eecc17b6fc305642df5f084432e8: in 
DEBUG: ran git checkout master in 
DEBUG: ran git reset --hard b2138af79941eecc17b6fc305642df5f084432e8 in 
DEBUG: ran clean --force -d . in 
DEBUG: ran git merge 127d4fd633c24d31522afee3fb7ace8677decaba in 
Merged SHA 127d4fd633c24d31522afee3fb7ace8677decaba with commit message 'chore: Promote bdd-sbhg-import-1577626003 to version 0.0.1' into base branch master

Showing logs for build [32mcb-kubecd-environment-pr-120-67-qlhwh-1[0m stage [32mfrom-build-pack[0m and container [32mstep-build-helm-build[0m
WARNING: No $CHART_REPOSITORY defined so using the default value of: http://jenkins-x-chartmuseum:8080
Adding missing Helm repo: storage.googleapis.com https://storage.googleapis.com/chartmuseum.jenkins-x.io
WARNING: No secrets found on "helm/repos" due: reading the secret "helm/repos" from vault: no secret "helm/repos" not found in vault
Read credentials for https://storage.googleapis.com/chartmuseum.jenkins-x.io from vault helm/repos
Successfully added Helm repository storage.googleapis.com.
Adding missing Helm repo: jenkins-x-chartmuseum http://jenkins-x-chartmuseum:8080
WARNING: No secrets found on "helm/repos" due: reading the secret "helm/repos" from vault: no secret "helm/repos" not found in vault
Read credentials for http://jenkins-x-chartmuseum:8080 from vault helm/repos
Successfully added Helm repository jenkins-x-chartmuseum.
WARNING: No $CHART_REPOSITORY defined so using the default value of: http://jenkins-x-chartmuseum:8080
Adding missing Helm repo: chartmuseum.jenkins-x.io http://chartmuseum.jenkins-x.io
WARNING: No secrets found on "helm/repos" due: reading the secret "helm/repos" from vault: no secret "helm/repos" not found in vault
Read credentials for http://chartmuseum.jenkins-x.io from vault helm/repos
Successfully added Helm repository chartmuseum.jenkins-x.io.
